# cancer-recon-apoptosis — run log
# step          : rung5_addressability
# utc           : 20260602T060537Z
# commit_short  : c12b437
# commit_full   : c12b43720e64ae8056661e290a9817b2815a5ac7
# branch        : main
# python        : 3.12.13
# platform      : Linux-6.6.122+-x86_64-with-glibc2.35
#================================================================

$ /usr/bin/python3 -u scripts/23_heldout_validate.py
============================================================================================
RUNG 5 — HELD-OUT VALIDATION (family-max FDR + donor-permutation null + winner's-curse shrinkage)
       validated on synthetic ground truth BEFORE any real surfaceome run
============================================================================================

[SIGNAL]  11280 cells, 14 donors, family=36 AND-pairs (planted clean gate = POS1 AND POS2)
  family-max threshold cov=0.22 (p95 of decoy family-max); best true safe cov=0.96
  discoveries (beat family-max): ['POS1 AND POS2', 'POS1 AND BROAD', 'POS2 AND BROAD']

[NULL]    11280 cells, 14 donors, family=36 AND-pairs (NO truly exclusive gate exists)
  family-max threshold cov=0.00; best true safe cov=0.00
  discoveries (beat family-max): NONE
  look-elsewhere: family-max cov p95=0.48 vs typical per-gate p95=0.01  -> inflation +0.46 (CONFIRMED; family-max correction is needed)

[GUARD B] clean gate : obs vital_leak=0.0060, null mean=0.0060, p=1.00 -> donor-dependent=False
[GUARD B] ATK3 gate  : obs vital_leak=0.0896, null mean=0.0333, p=0.00 -> donor-dependent=True (lethal donor concentration)

[GUARD C] winner's-curse panel: 7600 cells, 16 donors, family=78 AND-pairs (each partner covers ONE tumour donor ~1/6~0.16, clean on normal)
  naive winner   : DRV AND P2               cov=0.16 vital=0.006 selective=True (coverage lives in ONE donor)
  optimism (in-bag - OOB): cov=+0.290  (that donor falls out-of-bag -> held-out coverage collapses)
  corrected cov  : 0.00  (COV_BAR=0.15) -> still_selective=False

============================================================================================
VALIDATION CHECKS:
  [OK] SIGNAL: planted clean gate (POS1 AND POS2) SURVIVES family-max FDR
  [OK] SIGNAL: decoy null is NON-DEGENERATE (family-max threshold > 0.05, not the old vacuous 0)
  [OK] SIGNAL: family-max FDR REJECTS sub-threshold safe gates (discoveries < safe; noise pairs excluded)
  [OK] NULL: NO gate survives family-max (no false discovery)
  [OK] family-max NECESSARY: family-max cov-null p95 > per-gate p95 (look-elsewhere)
  [OK] decoy family size == true family size N
  [OK] GUARD B: clean gate NOT flagged AND donor-concentrated lethal gate IS flagged
  [OK] GUARD C: coverage optimism (in-bag - OOB) > 0 (winner's curse exists)
  [OK] GUARD C: shrinkage DEMOTES an over-claimed winner (selective -> not)
============================================================================================
results -> runs/rung5_logicgate/heldout_validation.json
figure -> runs/rung5_logicgate/rung5_heldout_validation.png
============================================================================================
CEILING: this is the look-elsewhere / winner's-curse rigor LAYER, proven on known answers. It does
NOT find a gate; it makes the eventual real-data verdict honest. mRNA!=protein; recognition is a
separate axis, never multiplied with RUNG-1/2/3.
[exit 0]

$ /usr/bin/python3 -u scripts/25_logicgate_data_rung5.py selftest
[+    0.0s] [rung5] === RUNG 5 data-layer SELF-TEST (synthetic donor panel; validates the full downstream) ===
[+    0.1s] [rung5] [selftest] panel: 8,050 cells (6,240 normal / 1,810 malignant), 15 donors, 7 genes
[+    0.1s] [rung5] family: 7 genes >= COV_FLOOR 0.05; activators=top 7 by coverage
[+    0.1s] [rung5] family size N = 21 gates (AND + AND-NOT). FDR/shrinkage operate on exactly this set.
[+    0.1s] [rung5] [selftest] donor split: DISCOVERY 5 / SELECT 5 / REPORT 5
[+    0.1s] [rung5] [selftest] scoring family of 21 gates on ALL donors (worst-over-donor; this is the heavy step) ...
[+    0.8s] [rung5]   [1/21] BROAD AND CLEANA                   cov=0.32 vital=0.007 -> SEL
[+    0.8s] [rung5]   [2/21] BROAD AND CLEANB                   cov=0.32 vital=0.007 -> SEL
[+    0.8s] [rung5]   [3/21] BROAD AND N0                       cov=0.07 vital=0.121 -> NON-SELECTIVE 
[+    0.8s] [rung5]   [4/21] BROAD AND N1                       cov=0.07 vital=0.134 -> NON-SELECTIVE 
[+    0.9s] [rung5]   [5/21] BROAD AND N2                       cov=0.07 vital=0.138 -> NON-SELECTIVE 
[+    0.9s] [rung5]   [6/21] BROAD AND N3                       cov=0.08 vital=0.103 -> NON-SELECTIVE 
[+    0.9s] [rung5]   [7/21] CLEANA AND CLEANB                  cov=0.48 vital=0.007 -> SEL
[+    0.9s] [rung5]   [8/21] CLEANB AND N0                      cov=0.04 vital=0.007 -> SAFE-LOW-COVER
[+    0.9s] [rung5]   [9/21] CLEANB AND N1                      cov=0.04 vital=0.007 -> SAFE-LOW-COVER
[+    0.9s] [rung5]   [10/21] CLEANB AND N2                      cov=0.04 vital=0.007 -> SAFE-LOW-COVER
[+    1.0s] [rung5]   [11/21] CLEANB AND N3                      cov=0.05 vital=0.007 -> SAFE-LOW-COVER
[+    1.0s] [rung5]   [12/21] CLEANA AND N0                      cov=0.04 vital=0.007 -> SAFE-LOW-COVER
[+    1.0s] [rung5]   [13/21] CLEANA AND N1                      cov=0.04 vital=0.007 -> SAFE-LOW-COVER
[+    1.0s] [rung5]   [14/21] CLEANA AND N2                      cov=0.04 vital=0.007 -> SAFE-LOW-COVER
[+    1.0s] [rung5]   [15/21] CLEANA AND N3                      cov=0.05 vital=0.007 -> SAFE-LOW-COVER
[+    1.0s] [rung5]   [16/21] N0 AND N3                          cov=0.01 vital=0.037 -> NON-SELECTIVE 
[+    1.0s] [rung5]   [17/21] N1 AND N3                          cov=0.01 vital=0.037 -> NON-SELECTIVE 
[+    1.1s] [rung5]   [18/21] N2 AND N3                          cov=0.01 vital=0.021 -> NON-SELECTIVE 
[+    1.1s] [rung5]   [19/21] N0 AND N2                          cov=0.00 vital=0.032 -> NON-SELECTIVE 
[+    1.1s] [rung5]   [20/21] N1 AND N2                          cov=0.01 vital=0.037 -> NON-SELECTIVE 
[+    1.1s] [rung5]   [21/21] N0 AND N1                          cov=0.01 vital=0.032 -> NON-SELECTIVE 
[+    1.1s] [rung5] [selftest] 11 SAFE on all audited axes; 3 also clear coverage (pre-FDR).
[+    1.1s] [rung5] [selftest] family-max decoy FDR (N_PERM=100) + winner's-curse shrinkage (N_BOOT=100) ...
[+   47.7s] [rung5] [selftest] family-max threshold cov=0.157; 3 gates pass FDR + shrinkage (pre-GUARD-B).
[+   48.9s] [rung5] [selftest] 3 gates SURVIVE FDR + shrinkage + GUARD B (donor-permutation null).
[+   48.9s] [rung5] [selftest] ADDRESSABILITY GAP (worst-case over ALL 7 patients, 1 under-powered counted as not-addressed): 57% have NO safe gate at coverage >= 0.15 [point over 6 powered patients: 50%].  by type: {'breast carcinoma': 1.0, 'lung adenocarcinoma': 0.25}
[+   49.9s] [rung5] figure -> runs/rung5_logicgate/rung5_selftest.png
[+   49.9s] [rung5] results -> runs/rung5_logicgate/rung5_selftest.json
============================================================================================
SELF-TEST CHECKS:
  [OK] downstream ran end-to-end (family -> score -> FDR -> shrinkage -> gap)
  [OK] a safe gate exists (planted CLEANA AND CLEANB)
  [OK] at least one gate SURVIVES FDR + shrinkage
  [OK] the planted clean gate is among survivors
  [OK] addressability gap is computed per cancer type
  [OK] BRCA gap > LUAD gap (planted: clean gate misses BRCA patients)
  [OK] under-powered patient path is exercised (>=1 under-powered)
  [OK] worst-case gap >= point gap (invariant; headline is the worst-case)
  [OK] F4-NEW-2: noisy under-powered LUAD patient FORCED not-addressed (LUAD worst-case > 0 though powered LUAD addressed)
============================================================================================
[+   49.9s] [rung5] self-test PASSED — downstream integration validated; real run is the Colab fetch
[exit 0]

$ pip install cellxgene-census
     ━━━━━━━━━━━━━━━━━━━━━━━━━━━━━━━━━━━━━━━━ 91.2/91.2 kB 1.7 MB/s eta 0:00:00
   ━━━━━━━━━━━━━━━━━━━━━━━━━━━━━━━━━━━━━━━━ 55.6/55.6 kB 4.1 MB/s eta 0:00:00
   ━━━━━━━━━━━━━━━━━━━━━━━━━━━━━━━━━━━━━━━━ 203.4/203.4 kB 5.0 MB/s eta 0:00:00
   ━━━━━━━━━━━━━━━━━━━━━━━━━━━━━━━━━━━━━━━━ 22.3/22.3 MB 65.5 MB/s eta 0:00:00
   ━━━━━━━━━━━━━━━━━━━━━━━━━━━━━━━━━━━━━━━━ 175.3/175.3 kB 14.3 MB/s eta 0:00:00
   ━━━━━━━━━━━━━━━━━━━━━━━━━━━━━━━━━━━━━━━━ 89.5/89.5 kB 8.2 MB/s eta 0:00:00
   ━━━━━━━━━━━━━━━━━━━━━━━━━━━━━━━━━━━━━━━━ 60.1/60.1 kB 5.5 MB/s eta 0:00:00
   ━━━━━━━━━━━━━━━━━━━━━━━━━━━━━━━━━━━━━━━━ 2.1/2.1 MB 81.2 MB/s eta 0:00:00
   ━━━━━━━━━━━━━━━━━━━━━━━━━━━━━━━━━━━━━━━━ 12.4/12.4 MB 62.9 MB/s eta 0:00:00
   ━━━━━━━━━━━━━━━━━━━━━━━━━━━━━━━━━━━━━━━━ 319.6/319.6 kB 23.6 MB/s eta 0:00:00
   ━━━━━━━━━━━━━━━━━━━━━━━━━━━━━━━━━━━━━━━━ 15.0/15.0 MB 66.3 MB/s eta 0:00:00
   ━━━━━━━━━━━━━━━━━━━━━━━━━━━━━━━━━━━━━━━━ 9.2/9.2 MB 85.2 MB/s eta 0:00:00
ERROR: pip's dependency resolver does not currently take into account all the packages that are installed. This behaviour is the source of the following dependency conflicts.
google-colab 1.0.0 requires pandas==2.2.2, but you have pandas 2.3.3 which is incompatible.
gcsfs 2025.3.0 requires fsspec==2025.3.0, but you have fsspec 2026.4.0 which is incompatible.
datasets 4.0.0 requires fsspec[http]<=2025.3.0,>=2023.1.0, but you have fsspec 2026.4.0 which is incompatible.
[exit 0]

$ pip install omnipath
   ━━━━━━━━━━━━━━━━━━━━━━━━━━━━━━━━━━━━━━━━ 51.6/51.6 kB 2.4 MB/s eta 0:00:00
[exit 0]

$ /usr/bin/python3 -u scripts/25_logicgate_data_rung5.py
[+    7.0s] [rung5] === RUNG 5 REAL run — donor-aware, MEMORY-SAFE, two-pass full-surfaceome addressability gap ===
[+    7.0s] [rung5] knobs: K_ACTIVATORS=60 COV_FLOOR=0.05 GENE_FLOOR=0.02 MAX_FAMILY=1200 N_PERM=30 N_BOOT=30
06:11:22 [INFO] Downloading data from `https://omnipathdb.org/queries/enzsub?format=json`
06:11:22 [INFO] Downloading data from `https://omnipathdb.org/queries/interactions?format=json`
06:11:22 [INFO] Downloading data from `https://omnipathdb.org/queries/complexes?format=json`
06:11:23 [INFO] Downloading data from `https://omnipathdb.org/queries/annotations?format=json`
06:11:23 [INFO] Downloading data from `https://omnipathdb.org/queries/intercell?format=json`
06:11:24 [INFO] Downloading data from `https://omnipathdb.org/about?format=text`
06:11:24 [INFO] Downloading data from `https://omnipathdb.org/intercell?format=tsv`

0.00B [00:00, ?B/s]
328kB [00:00, 2.95MB/s]
1.03MB [00:00, 4.98MB/s]
2.36MB [00:00, 8.26MB/s]
4.54MB [00:00, 12.9MB/s]
8.33MB [00:00, 20.7MB/s]
14.1MB [00:00, 31.5MB/s]
22.5MB [00:00, 47.7MB/s]
25.2MB [00:00, 41.9MB/s]
28.0MB [00:00, 37.7MB/s]
31.5MB [00:01, 37.0MB/s]
36.5MB [00:01, 41.2MB/s]
41.5MB [00:01, 44.3MB/s]
46.6MB [00:01, 46.7MB/s]
51.6MB [00:01, 47.8MB/s]
52.9MB [00:01, 36.1MB/s]
06:11:28 [INFO] omnipath intercell rows=388239 cols=['category', 'parent', 'database', 'scope', 'aspect', 'source', 'uniprot', 'genesymbol', 'entity_type', 'consensus_score', 'transmitter', 'receiver', 'secreted', 'plasma_membrane_transmembrane', 'plasma_membrane_peripheral']
06:11:28 [INFO] surface-indicating categories matched: ['cell_surface', 'cell_surface_enzyme', 'cell_surface_ligand', 'cell_surface_peptidase', 'plasma_membrane_transmembrane']
06:11:28 [INFO] omnipath surface gene set: 5007 genes
[+   15.6s] [rung5] surfaceome from OmniPath (SURFY-incl.): 5007 genes -> cached
[+   15.6s] [rung5] surfaceome source=omnipath, 5007 genes (full set is SCREENED; only tumour-expressed genes are carried at depth -> fits free-Colab RAM)
[+   17.0s] [rung5] RESUMING from /content/drive/MyDrive/cancer-recon/rung5_cache.r5.tumour.npz
[+   21.8s] [rung5] two-pass: 682/5007 surface genes are tumour-expressed (>= 0.02) -> normal atlas fetched for THESE only
[+   25.0s] [rung5] NORMAL heart: from tile cache (109,880 cells)
[+  112.5s] [rung5] NORMAL brain: scout done (ram 9.5GB), 10,560,614 cells -> kept 406,909
[+  112.8s] [rung5] NORMAL brain: 10,560,614 cells in tissue -> query-capped to 406,909 (vital kept in full)
[+  112.8s] [rung5] NORMAL brain: materialising 406,909 capped cells x 682 genes ...
/usr/lib/python3.12/functools.py:912: ImplicitModificationWarning: Transforming to str index.
  return dispatch(args[0].__class__)(*args, **kw)
/usr/lib/python3.12/functools.py:912: ImplicitModificationWarning: Transforming to str index.
  return dispatch(args[0].__class__)(*args, **kw)
[+ 1604.1s] [rung5] NORMAL brain: kept 406,909; vital here: ['cardiac_conduction', 'neuron', 'skeletal_myocyte', 'vascular_endothelium'] (ram 9.5GB)
[+ 1647.2s] [rung5] NORMAL brain: tile cached -> /content/drive/MyDrive/cancer-recon/r5_normal_tiles/brain.npz
[+ 1651.7s] [rung5] NORMAL kidney: scout done (ram 9.5GB), 550,007 cells -> kept 114,573
[+ 1651.7s] [rung5] NORMAL kidney: 550,007 cells in tissue -> query-capped to 114,573 (vital kept in full)
[+ 1651.7s] [rung5] NORMAL kidney: materialising 114,573 capped cells x 682 genes ...
/usr/lib/python3.12/functools.py:912: ImplicitModificationWarning: Transforming to str index.
  return dispatch(args[0].__class__)(*args, **kw)
/usr/lib/python3.12/functools.py:912: ImplicitModificationWarning: Transforming to str index.
  return dispatch(args[0].__class__)(*args, **kw)
[+ 1833.8s] [rung5] NORMAL kidney: kept 114,573; vital here: ['kidney_podocyte', 'kidney_tubule', 'neuron', 'skeletal_myocyte', 'vascular_endothelium'] (ram 9.5GB)
[+ 1842.8s] [rung5] NORMAL kidney: tile cached -> /content/drive/MyDrive/cancer-recon/r5_normal_tiles/kidney.npz
[+ 1848.1s] [rung5] NORMAL liver: scout done (ram 9.5GB), 748,717 cells -> kept 123,358
[+ 1848.1s] [rung5] NORMAL liver: 748,717 cells in tissue -> query-capped to 123,358 (vital kept in full)
[+ 1848.1s] [rung5] NORMAL liver: materialising 123,358 capped cells x 682 genes ...
/usr/lib/python3.12/functools.py:912: ImplicitModificationWarning: Transforming to str index.
  return dispatch(args[0].__class__)(*args, **kw)
/usr/lib/python3.12/functools.py:912: ImplicitModificationWarning: Transforming to str index.
  return dispatch(args[0].__class__)(*args, **kw)
[+ 2136.6s] [rung5] NORMAL liver: kept 123,358; vital here: ['cholangiocyte', 'kidney_tubule', 'neuron', 'skeletal_myocyte', 'vascular_endothelium'] (ram 9.5GB)
[+ 2146.0s] [rung5] NORMAL liver: tile cached -> /content/drive/MyDrive/cancer-recon/r5_normal_tiles/liver.npz
[+ 2158.5s] [rung5] NORMAL lung: scout done (ram 9.5GB), 1,512,380 cells -> kept 273,889
[+ 2158.6s] [rung5] NORMAL lung: 1,512,380 cells in tissue -> query-capped to 273,889 (vital kept in full)
[+ 2158.6s] [rung5] NORMAL lung: materialising 273,889 capped cells x 682 genes ...
/usr/lib/python3.12/functools.py:912: ImplicitModificationWarning: Transforming to str index.
  return dispatch(args[0].__class__)(*args, **kw)
/usr/lib/python3.12/functools.py:912: ImplicitModificationWarning: Transforming to str index.
  return dispatch(args[0].__class__)(*args, **kw)
[+ 3060.4s] [rung5] NORMAL lung: kept 273,889; vital here: ['cardiomyocyte', 'kidney_tubule', 'lung_pneumocyte', 'neuron', 'skeletal_myocyte', 'vascular_endothelium'] (ram 9.5GB)
[+ 3084.0s] [rung5] NORMAL lung: tile cached -> /content/drive/MyDrive/cancer-recon/r5_normal_tiles/lung.npz
[+ 3086.8s] [rung5] NORMAL bone marrow: scout done (ram 9.5GB), 296,739 cells -> kept 96,535
[+ 3086.8s] [rung5] NORMAL bone marrow: 296,739 cells in tissue -> query-capped to 96,535 (vital kept in full)
[+ 3086.8s] [rung5] NORMAL bone marrow: materialising 96,535 capped cells x 682 genes ...
/usr/lib/python3.12/functools.py:912: ImplicitModificationWarning: Transforming to str index.
  return dispatch(args[0].__class__)(*args, **kw)
/usr/lib/python3.12/functools.py:912: ImplicitModificationWarning: Transforming to str index.
  return dispatch(args[0].__class__)(*args, **kw)
[+ 3247.6s] [rung5] NORMAL bone marrow: kept 96,535; vital here: ['skeletal_myocyte', 'vascular_endothelium'] (ram 9.5GB)
[+ 3255.1s] [rung5] NORMAL bone marrow: tile cached -> /content/drive/MyDrive/cancer-recon/r5_normal_tiles/bone_marrow.npz
[+ 3257.1s] [rung5] NORMAL pancreas: scout done (ram 9.5GB), 166,012 cells -> kept 48,971
[+ 3257.1s] [rung5] NORMAL pancreas: 166,012 cells in tissue -> query-capped to 48,971 (vital kept in full)
[+ 3257.1s] [rung5] NORMAL pancreas: materialising 48,971 capped cells x 682 genes ...
/usr/lib/python3.12/functools.py:912: ImplicitModificationWarning: Transforming to str index.
  return dispatch(args[0].__class__)(*args, **kw)
/usr/lib/python3.12/functools.py:912: ImplicitModificationWarning: Transforming to str index.
  return dispatch(args[0].__class__)(*args, **kw)
[+ 3347.2s] [rung5] NORMAL pancreas: kept 48,971; vital here: ['neuron', 'pancreatic_islet', 'skeletal_myocyte', 'vascular_endothelium'] (ram 9.5GB)
[+ 3350.8s] [rung5] NORMAL pancreas: tile cached -> /content/drive/MyDrive/cancer-recon/r5_normal_tiles/pancreas.npz
[+ 3353.8s] [rung5] NORMAL adrenal gland: scout done (ram 9.5GB), 437,889 cells -> kept 40,604
[+ 3353.8s] [rung5] NORMAL adrenal gland: 437,889 cells in tissue -> query-capped to 40,604 (vital kept in full)
[+ 3353.8s] [rung5] NORMAL adrenal gland: materialising 40,604 capped cells x 682 genes ...
/usr/lib/python3.12/functools.py:912: ImplicitModificationWarning: Transforming to str index.
  return dispatch(args[0].__class__)(*args, **kw)
/usr/lib/python3.12/functools.py:912: ImplicitModificationWarning: Transforming to str index.
  return dispatch(args[0].__class__)(*args, **kw)
[+ 3449.8s] [rung5] NORMAL adrenal gland: kept 40,604; vital here: ['adrenal_cortical', 'kidney_tubule', 'neuron', 'skeletal_myocyte', 'vascular_endothelium'] (ram 9.5GB)
[+ 3451.8s] [rung5] NORMAL adrenal gland: tile cached -> /content/drive/MyDrive/cancer-recon/r5_normal_tiles/adrenal_gland.npz
[+ 3452.8s] [rung5] NORMAL skeletal muscle: 0 cells matched
[+ 3568.9s] [rung5] cached -> /content/drive/MyDrive/cancer-recon/rung5_cache.r5.normal.npz (1,214,719 cells)
[+ 3578.4s] [rung5] [real] panel: 1,264,719 cells (1,214,719 normal / 50,000 malignant), 1596 donors, 682 genes
[+ 3578.9s] [rung5] family: 371 genes >= COV_FLOOR 0.05; activators=top 60 by coverage
[exit -9]
