# cancer-recon-apoptosis — run log
# step          : rung5_addressability
# utc           : 20260601T152943Z
# commit_short  : fd23b06
# commit_full   : fd23b06b0c34673a4fcce6497d58d9b9b51fc88d
# branch        : main
# python        : 3.12.13
# platform      : Linux-6.6.122+-x86_64-with-glibc2.35
#================================================================

$ /usr/bin/python3 -u scripts/23_heldout_validate.py
============================================================================================
RUNG 5 — HELD-OUT VALIDATION (family-max FDR + donor-permutation null + winner's-curse shrinkage)
       validated on synthetic ground truth BEFORE any real surfaceome run
============================================================================================

[SIGNAL]  11280 cells, 14 donors, family=36 AND-pairs (planted clean gate = POS1 AND POS2)
  family-max threshold cov=0.22 (p95 of decoy family-max); best true safe cov=0.96
  discoveries (beat family-max): ['POS1 AND POS2', 'POS1 AND BROAD', 'POS2 AND BROAD']

[NULL]    11280 cells, 14 donors, family=36 AND-pairs (NO truly exclusive gate exists)
  family-max threshold cov=0.00; best true safe cov=0.00
  discoveries (beat family-max): NONE
  look-elsewhere: family-max cov p95=0.48 vs typical per-gate p95=0.01  -> inflation +0.46 (CONFIRMED; family-max correction is needed)

[GUARD B] clean gate : obs vital_leak=0.0060, null mean=0.0060, p=1.00 -> donor-dependent=False
[GUARD B] ATK3 gate  : obs vital_leak=0.0896, null mean=0.0333, p=0.00 -> donor-dependent=True (lethal donor concentration)

[GUARD C] winner's-curse panel: 7600 cells, 16 donors, family=78 AND-pairs (each partner covers ONE tumour donor ~1/6~0.16, clean on normal)
  naive winner   : DRV AND P2               cov=0.16 vital=0.006 selective=True (coverage lives in ONE donor)
  optimism (in-bag - OOB): cov=+0.290  (that donor falls out-of-bag -> held-out coverage collapses)
  corrected cov  : 0.00  (COV_BAR=0.15) -> still_selective=False

============================================================================================
VALIDATION CHECKS:
  [OK] SIGNAL: planted clean gate (POS1 AND POS2) SURVIVES family-max FDR
  [OK] SIGNAL: decoy null is NON-DEGENERATE (family-max threshold > 0.05, not the old vacuous 0)
  [OK] SIGNAL: family-max FDR REJECTS sub-threshold safe gates (discoveries < safe; noise pairs excluded)
  [OK] NULL: NO gate survives family-max (no false discovery)
  [OK] family-max NECESSARY: family-max cov-null p95 > per-gate p95 (look-elsewhere)
  [OK] decoy family size == true family size N
  [OK] GUARD B: clean gate NOT flagged AND donor-concentrated lethal gate IS flagged
  [OK] GUARD C: coverage optimism (in-bag - OOB) > 0 (winner's curse exists)
  [OK] GUARD C: shrinkage DEMOTES an over-claimed winner (selective -> not)
============================================================================================
results -> runs/rung5_logicgate/heldout_validation.json
figure -> runs/rung5_logicgate/rung5_heldout_validation.png
============================================================================================
CEILING: this is the look-elsewhere / winner's-curse rigor LAYER, proven on known answers. It does
NOT find a gate; it makes the eventual real-data verdict honest. mRNA!=protein; recognition is a
separate axis, never multiplied with RUNG-1/2/3.
[exit 0]

$ /usr/bin/python3 -u scripts/25_logicgate_data_rung5.py selftest
[+    0.0s] [rung5] === RUNG 5 data-layer SELF-TEST (synthetic donor panel; validates the full downstream) ===
[+    0.1s] [rung5] [selftest] panel: 8,050 cells (6,240 normal / 1,810 malignant), 15 donors, 7 genes
[+    0.1s] [rung5] family: 7 genes >= COV_FLOOR 0.05; activators=top 7 by coverage
[+    0.1s] [rung5] family size N = 21 gates (AND + AND-NOT). FDR/shrinkage operate on exactly this set.
[+    0.1s] [rung5] [selftest] donor split: DISCOVERY 5 / SELECT 5 / REPORT 5
[+    0.1s] [rung5] [selftest] scoring family of 21 gates on ALL donors (worst-over-donor; this is the heavy step) ...
[+    0.8s] [rung5]   [1/21] BROAD AND CLEANA                   cov=0.32 vital=0.007 -> SEL
[+    0.8s] [rung5]   [2/21] BROAD AND CLEANB                   cov=0.32 vital=0.007 -> SEL
[+    0.9s] [rung5]   [3/21] BROAD AND N0                       cov=0.07 vital=0.121 -> NON-SELECTIVE 
[+    0.9s] [rung5]   [4/21] BROAD AND N1                       cov=0.07 vital=0.134 -> NON-SELECTIVE 
[+    0.9s] [rung5]   [5/21] BROAD AND N2                       cov=0.07 vital=0.138 -> NON-SELECTIVE 
[+    0.9s] [rung5]   [6/21] BROAD AND N3                       cov=0.08 vital=0.103 -> NON-SELECTIVE 
[+    0.9s] [rung5]   [7/21] CLEANA AND CLEANB                  cov=0.48 vital=0.007 -> SEL
[+    0.9s] [rung5]   [8/21] CLEANB AND N0                      cov=0.04 vital=0.007 -> SAFE-LOW-COVER
[+    1.0s] [rung5]   [9/21] CLEANB AND N1                      cov=0.04 vital=0.007 -> SAFE-LOW-COVER
[+    1.0s] [rung5]   [10/21] CLEANB AND N2                      cov=0.04 vital=0.007 -> SAFE-LOW-COVER
[+    1.0s] [rung5]   [11/21] CLEANB AND N3                      cov=0.05 vital=0.007 -> SAFE-LOW-COVER
[+    1.0s] [rung5]   [12/21] CLEANA AND N0                      cov=0.04 vital=0.007 -> SAFE-LOW-COVER
[+    1.0s] [rung5]   [13/21] CLEANA AND N1                      cov=0.04 vital=0.007 -> SAFE-LOW-COVER
[+    1.0s] [rung5]   [14/21] CLEANA AND N2                      cov=0.04 vital=0.007 -> SAFE-LOW-COVER
[+    1.1s] [rung5]   [15/21] CLEANA AND N3                      cov=0.05 vital=0.007 -> SAFE-LOW-COVER
[+    1.1s] [rung5]   [16/21] N0 AND N3                          cov=0.01 vital=0.037 -> NON-SELECTIVE 
[+    1.1s] [rung5]   [17/21] N1 AND N3                          cov=0.01 vital=0.037 -> NON-SELECTIVE 
[+    1.1s] [rung5]   [18/21] N2 AND N3                          cov=0.01 vital=0.021 -> NON-SELECTIVE 
[+    1.1s] [rung5]   [19/21] N0 AND N2                          cov=0.00 vital=0.032 -> NON-SELECTIVE 
[+    1.2s] [rung5]   [20/21] N1 AND N2                          cov=0.01 vital=0.037 -> NON-SELECTIVE 
[+    1.2s] [rung5]   [21/21] N0 AND N1                          cov=0.01 vital=0.032 -> NON-SELECTIVE 
[+    1.2s] [rung5] [selftest] 11 SAFE on all audited axes; 3 also clear coverage (pre-FDR).
[+    1.2s] [rung5] [selftest] family-max decoy FDR (N_PERM=100) + winner's-curse shrinkage (N_BOOT=100) ...
[+   48.2s] [rung5] [selftest] family-max threshold cov=0.157; 3 gates pass FDR + shrinkage (pre-GUARD-B).
[+   49.4s] [rung5] [selftest] 3 gates SURVIVE FDR + shrinkage + GUARD B (donor-permutation null).
[+   49.4s] [rung5] [selftest] ADDRESSABILITY GAP (worst-case over ALL 7 patients, 1 under-powered counted as not-addressed): 57% have NO safe gate at coverage >= 0.15 [point over 6 powered patients: 50%].  by type: {'breast carcinoma': 1.0, 'lung adenocarcinoma': 0.25}
[+   50.5s] [rung5] figure -> runs/rung5_logicgate/rung5_selftest.png
[+   50.5s] [rung5] results -> runs/rung5_logicgate/rung5_selftest.json
============================================================================================
SELF-TEST CHECKS:
  [OK] downstream ran end-to-end (family -> score -> FDR -> shrinkage -> gap)
  [OK] a safe gate exists (planted CLEANA AND CLEANB)
  [OK] at least one gate SURVIVES FDR + shrinkage
  [OK] the planted clean gate is among survivors
  [OK] addressability gap is computed per cancer type
  [OK] BRCA gap > LUAD gap (planted: clean gate misses BRCA patients)
  [OK] under-powered patient path is exercised (>=1 under-powered)
  [OK] worst-case gap >= point gap (invariant; headline is the worst-case)
  [OK] F4-NEW-2: noisy under-powered LUAD patient FORCED not-addressed (LUAD worst-case > 0 though powered LUAD addressed)
============================================================================================
[+   50.5s] [rung5] self-test PASSED — downstream integration validated; real run is the Colab fetch
[exit 0]

$ pip install cellxgene-census
     ━━━━━━━━━━━━━━━━━━━━━━━━━━━━━━━━━━━━━━━━ 91.2/91.2 kB 3.4 MB/s eta 0:00:00
   ━━━━━━━━━━━━━━━━━━━━━━━━━━━━━━━━━━━━━━━━ 55.6/55.6 kB 3.7 MB/s eta 0:00:00
   ━━━━━━━━━━━━━━━━━━━━━━━━━━━━━━━━━━━━━━━━ 203.4/203.4 kB 8.4 MB/s eta 0:00:00
   ━━━━━━━━━━━━━━━━━━━━━━━━━━━━━━━━━━━━━━━━ 22.3/22.3 MB 60.5 MB/s eta 0:00:00
   ━━━━━━━━━━━━━━━━━━━━━━━━━━━━━━━━━━━━━━━━ 175.3/175.3 kB 12.1 MB/s eta 0:00:00
   ━━━━━━━━━━━━━━━━━━━━━━━━━━━━━━━━━━━━━━━━ 89.5/89.5 kB 6.4 MB/s eta 0:00:00
   ━━━━━━━━━━━━━━━━━━━━━━━━━━━━━━━━━━━━━━━━ 60.1/60.1 kB 4.1 MB/s eta 0:00:00
   ━━━━━━━━━━━━━━━━━━━━━━━━━━━━━━━━━━━━━━━━ 2.1/2.1 MB 68.8 MB/s eta 0:00:00
   ━━━━━━━━━━━━━━━━━━━━━━━━━━━━━━━━━━━━━━━━ 12.4/12.4 MB 82.3 MB/s eta 0:00:00
   ━━━━━━━━━━━━━━━━━━━━━━━━━━━━━━━━━━━━━━━━ 319.6/319.6 kB 19.6 MB/s eta 0:00:00
   ━━━━━━━━━━━━━━━━━━━━━━━━━━━━━━━━━━━━━━━━ 15.0/15.0 MB 86.2 MB/s eta 0:00:00
   ━━━━━━━━━━━━━━━━━━━━━━━━━━━━━━━━━━━━━━━━ 9.2/9.2 MB 104.5 MB/s eta 0:00:00
ERROR: pip's dependency resolver does not currently take into account all the packages that are installed. This behaviour is the source of the following dependency conflicts.
google-colab 1.0.0 requires pandas==2.2.2, but you have pandas 2.3.3 which is incompatible.
datasets 4.0.0 requires fsspec[http]<=2025.3.0,>=2023.1.0, but you have fsspec 2026.4.0 which is incompatible.
gcsfs 2025.3.0 requires fsspec==2025.3.0, but you have fsspec 2026.4.0 which is incompatible.
[exit 0]

$ pip install omnipath
   ━━━━━━━━━━━━━━━━━━━━━━━━━━━━━━━━━━━━━━━━ 51.6/51.6 kB 2.6 MB/s eta 0:00:00
[exit 0]

$ /usr/bin/python3 -u scripts/25_logicgate_data_rung5.py
[+    6.1s] [rung5] === RUNG 5 REAL run — donor-aware, MEMORY-SAFE, two-pass full-surfaceome addressability gap ===
[+    6.1s] [rung5] knobs: K_ACTIVATORS=60 COV_FLOOR=0.05 GENE_FLOOR=0.02 MAX_FAMILY=1200 N_PERM=30 N_BOOT=30
15:35:25 [INFO] Downloading data from `https://omnipathdb.org/queries/enzsub?format=json`
15:35:25 [INFO] Downloading data from `https://omnipathdb.org/queries/interactions?format=json`
15:35:25 [INFO] Downloading data from `https://omnipathdb.org/queries/complexes?format=json`
15:35:26 [INFO] Downloading data from `https://omnipathdb.org/queries/annotations?format=json`
15:35:26 [INFO] Downloading data from `https://omnipathdb.org/queries/intercell?format=json`
15:35:26 [INFO] Downloading data from `https://omnipathdb.org/about?format=text`
15:35:27 [INFO] Downloading data from `https://omnipathdb.org/intercell?format=tsv`

0.00B [00:00, ?B/s]
1.03MB [00:00, 6.20MB/s]
3.36MB [00:00, 14.4MB/s]
8.33MB [00:00, 23.5MB/s]
16.9MB [00:00, 44.0MB/s]
20.9MB [00:00, 43.4MB/s]
24.6MB [00:00, 41.9MB/s]
28.2MB [00:00, 40.3MB/s]
31.7MB [00:00, 39.0MB/s]
36.7MB [00:01, 42.7MB/s]
41.3MB [00:01, 43.8MB/s]
46.1MB [00:01, 45.4MB/s]
50.6MB [00:01, 45.9MB/s]
52.9MB [00:01, 39.1MB/s]
15:35:30 [INFO] omnipath intercell rows=388239 cols=['category', 'parent', 'database', 'scope', 'aspect', 'source', 'uniprot', 'genesymbol', 'entity_type', 'consensus_score', 'transmitter', 'receiver', 'secreted', 'plasma_membrane_transmembrane', 'plasma_membrane_peripheral']
15:35:30 [INFO] surface-indicating categories matched: ['cell_surface', 'cell_surface_enzyme', 'cell_surface_ligand', 'cell_surface_peptidase', 'plasma_membrane_transmembrane']
15:35:30 [INFO] omnipath surface gene set: 5007 genes
[+   14.2s] [rung5] surfaceome from OmniPath (SURFY-incl.): 5007 genes -> cached
[+   14.2s] [rung5] surfaceome source=omnipath, 5007 genes (full set is SCREENED; only tumour-expressed genes are carried at depth -> fits free-Colab RAM)
[+   24.0s] [rung5] TUMOUR: 988,239 cells, 124,846 malignant
[+   24.0s] [rung5] TUMOUR (malignant): materialising 50,000 capped cells x 5007 genes ...
/usr/lib/python3.12/functools.py:912: ImplicitModificationWarning: Transforming to str index.
  return dispatch(args[0].__class__)(*args, **kw)
/usr/lib/python3.12/functools.py:912: ImplicitModificationWarning: Transforming to str index.
  return dispatch(args[0].__class__)(*args, **kw)
[+  457.0s] [rung5] TUMOUR: kept 50,000 malignant cells, 211 patients, types=['breast carcinoma', 'colorectal cancer', 'lung adenocarcinoma']
[+  474.4s] [rung5] cached -> /content/cancer-recon-apoptosis/data/logicgate/rung5_cache.r5.tumour.npz (50,000 cells)
[+  476.1s] [rung5] two-pass: 682/5007 surface genes are tumour-expressed (>= 0.02) -> normal atlas fetched for THESE only
[+  486.9s] [rung5] NORMAL heart: 791,411 cells in tissue -> query-capped to 203,851 (vital kept in full)
[+  486.9s] [rung5] NORMAL heart: materialising 203,851 capped cells x 682 genes ...
/usr/lib/python3.12/functools.py:912: ImplicitModificationWarning: Transforming to str index.
  return dispatch(args[0].__class__)(*args, **kw)
/usr/lib/python3.12/functools.py:912: ImplicitModificationWarning: Transforming to str index.
  return dispatch(args[0].__class__)(*args, **kw)
[+  878.4s] [rung5] NORMAL heart: kept 203,851; vital here: ['cardiomyocyte', 'neuron', 'skeletal_myocyte', 'vascular_endothelium']
[+  894.7s] [rung5] NORMAL heart: tile cached -> /content/cancer-recon-apoptosis/data/logicgate/r5_normal_tiles/heart.npz
[exit -9]
